[2022-09-08T00:22:51.429Z] - warn : Método GET URL /info123 inexistente
[2022-09-08T00:26:16.632Z] - warn : Método GET URL /info123 inexistente
[2022-09-08T00:33:05.766Z] - error : Error al buscar la informacion del sistema:  portt is not defined
[2022-09-08T00:42:00.145Z] - warn : Método GET URL /random inexistente
[2022-09-08T00:42:16.560Z] - warn : Método GET URL /api/random inexistente
[2022-09-08T00:42:20.602Z] - warn : Método GET URL /api/randoms inexistente
[2022-09-08T00:42:55.936Z] - warn : Método GET URL /api/random/datos inexistente
[2022-09-08T00:43:01.427Z] - warn : Método GET URL /api/randoms/datos inexistente
[2022-09-08T00:44:12.453Z] - warn : Método GET URL /api/randoms/datos inexistente
[2022-09-08T00:45:38.085Z] - warn : Método GET URL /api/randoms inexistente
[2022-09-09T20:58:42.817Z] - warn : Método GET URL /info-nobloq inexistente
[2022-09-09T20:58:42.856Z] - warn : Método GET URL /info-nobloq inexistente
[2022-09-09T20:58:42.905Z] - warn : Método GET URL /info-nobloq inexistente
[2022-09-09T20:58:42.955Z] - warn : Método GET URL /info-nobloq inexistente
[2022-09-09T20:58:43.006Z] - warn : Método GET URL /info-nobloq inexistente
[2022-09-09T20:58:43.055Z] - warn : Método GET URL /info-nobloq inexistente
[2022-09-09T20:58:43.105Z] - warn : Método GET URL /info-nobloq inexistente
[2022-09-09T20:58:43.155Z] - warn : Método GET URL /info-nobloq inexistente
[2022-09-09T20:58:43.206Z] - warn : Método GET URL /info-nobloq inexistente
[2022-09-09T20:58:43.255Z] - warn : Método GET URL /info-nobloq inexistente
[2022-09-09T20:58:43.306Z] - warn : Método GET URL /info-nobloq inexistente
[2022-09-09T20:58:43.356Z] - warn : Método GET URL /info-nobloq inexistente
[2022-09-09T20:58:43.405Z] - warn : Método GET URL /info-nobloq inexistente
[2022-09-09T20:58:43.455Z] - warn : Método GET URL /info-nobloq inexistente
[2022-09-09T20:58:43.505Z] - warn : Método GET URL /info-nobloq inexistente
[2022-09-09T20:58:43.555Z] - warn : Método GET URL /info-nobloq inexistente
[2022-09-09T20:58:43.605Z] - warn : Método GET URL /info-nobloq inexistente
[2022-09-09T20:58:43.655Z] - warn : Método GET URL /info-nobloq inexistente
[2022-09-09T20:58:43.705Z] - warn : Método GET URL /info-nobloq inexistente
[2022-09-09T20:58:43.755Z] - warn : Método GET URL /info-nobloq inexistente
[2022-09-09T20:59:43.992Z] - warn : Método GET URL /info-nobloq inexistente
[2022-09-09T20:59:44.032Z] - warn : Método GET URL /info-nobloq inexistente
[2022-09-09T20:59:44.081Z] - warn : Método GET URL /info-nobloq inexistente
[2022-09-09T20:59:44.131Z] - warn : Método GET URL /info-nobloq inexistente
[2022-09-09T20:59:44.181Z] - warn : Método GET URL /info-nobloq inexistente
[2022-09-09T20:59:44.231Z] - warn : Método GET URL /info-nobloq inexistente
[2022-09-09T20:59:44.281Z] - warn : Método GET URL /info-nobloq inexistente
[2022-09-09T20:59:44.331Z] - warn : Método GET URL /info-nobloq inexistente
[2022-09-09T20:59:44.382Z] - warn : Método GET URL /info-nobloq inexistente
[2022-09-09T20:59:44.431Z] - warn : Método GET URL /info-nobloq inexistente
[2022-09-09T20:59:44.482Z] - warn : Método GET URL /info-nobloq inexistente
[2022-09-09T20:59:44.532Z] - warn : Método GET URL /info-nobloq inexistente
[2022-09-09T20:59:44.581Z] - warn : Método GET URL /info-nobloq inexistente
[2022-09-09T20:59:44.631Z] - warn : Método GET URL /info-nobloq inexistente
[2022-09-09T20:59:44.681Z] - warn : Método GET URL /info-nobloq inexistente
[2022-09-09T20:59:44.731Z] - warn : Método GET URL /info-nobloq inexistente
[2022-09-09T20:59:44.781Z] - warn : Método GET URL /info-nobloq inexistente
[2022-09-09T20:59:44.831Z] - warn : Método GET URL /info-nobloq inexistente
[2022-09-09T20:59:44.881Z] - warn : Método GET URL /info-nobloq inexistente
[2022-09-09T20:59:44.931Z] - warn : Método GET URL /info-nobloq inexistente
[2022-09-09T21:19:59.554Z] - warn : Método GET URL /api/formulario inexistente
[2022-09-09T21:20:03.781Z] - warn : Método GET URL /favicon.ico inexistente
[2022-09-09T21:20:11.012Z] - warn : Método GET URL /favicon.ico inexistente
[2022-09-09T21:20:57.210Z] - warn : Método GET URL /favicon.ico inexistente
